<?xml version="1.0" encoding="UTF-8"?>
<testng-results ignored="0" total="2" passed="2" failed="0" skipped="0">
  <reporter-output>
  </reporter-output>
  <suite started-at="2021-06-30T15:02:48Z" name="Suite" finished-at="2021-06-30T15:05:27Z" duration-ms="158935">
    <groups>
    </groups>
    <test started-at="2021-06-30T15:02:48Z" name="Test" finished-at="2021-06-30T15:05:27Z" duration-ms="158935">
      <class name="com.shoppingapp.testscripts.DeliveryTheProduct">
        <test-method is-config="true" signature="openApp()[pri:0, instance:com.shoppingapp.testscripts.DeliveryTheProduct@f14a7d4]" started-at="2021-06-30T15:02:48Z" name="openApp" finished-at="2021-06-30T15:03:31Z" duration-ms="42554" status="PASS">
          <reporter-output>
          </reporter-output>
        </test-method> <!-- openApp -->
        <test-method signature="productDelivery()[pri:0, instance:com.shoppingapp.testscripts.DeliveryTheProduct@f14a7d4]" started-at="2021-06-30T15:03:31Z" name="productDelivery" finished-at="2021-06-30T15:03:57Z" duration-ms="26068" status="PASS">
          <reporter-output>
          </reporter-output>
        </test-method> <!-- productDelivery -->
        <test-method is-config="true" signature="closeApp(org.testng.ITestResult)[pri:0, instance:com.shoppingapp.testscripts.DeliveryTheProduct@f14a7d4]" started-at="2021-06-30T15:03:57Z" name="closeApp" finished-at="2021-06-30T15:03:58Z" duration-ms="1685" status="PASS">
          <params>
            <param index="0">
              <value>
                <![CDATA[[TestResult name=productDelivery status=SUCCESS method=DeliveryTheProduct.productDelivery()[pri:0, instance:com.shoppingapp.testscripts.DeliveryTheProduct@f14a7d4] output={null}]]]>
              </value>
            </param>
          </params>
          <reporter-output>
          </reporter-output>
        </test-method> <!-- closeApp -->
      </class> <!-- com.shoppingapp.testscripts.DeliveryTheProduct -->
      <class name="com.shoppingapp.testscripts.Addingtocart">
        <test-method is-config="true" signature="openApp()[pri:0, instance:com.shoppingapp.testscripts.Addingtocart@52e7a6b2]" started-at="2021-06-30T15:03:59Z" name="openApp" finished-at="2021-06-30T15:04:21Z" duration-ms="22518" status="PASS">
          <reporter-output>
          </reporter-output>
        </test-method> <!-- openApp -->
        <test-method signature="addtocart()[pri:0, instance:com.shoppingapp.testscripts.Addingtocart@52e7a6b2]" started-at="2021-06-30T15:04:21Z" name="addtocart" finished-at="2021-06-30T15:05:26Z" duration-ms="65410" status="PASS">
          <reporter-output>
          </reporter-output>
        </test-method> <!-- addtocart -->
        <test-method is-config="true" signature="closeApp(org.testng.ITestResult)[pri:0, instance:com.shoppingapp.testscripts.Addingtocart@52e7a6b2]" started-at="2021-06-30T15:05:26Z" name="closeApp" finished-at="2021-06-30T15:05:27Z" duration-ms="592" status="PASS">
          <params>
            <param index="0">
              <value>
                <![CDATA[[TestResult name=addtocart status=SUCCESS method=Addingtocart.addtocart()[pri:0, instance:com.shoppingapp.testscripts.Addingtocart@52e7a6b2] output={null}]]]>
              </value>
            </param>
          </params>
          <reporter-output>
          </reporter-output>
        </test-method> <!-- closeApp -->
      </class> <!-- com.shoppingapp.testscripts.Addingtocart -->
    </test> <!-- Test -->
  </suite> <!-- Suite -->
</testng-results>
